Arguments: 
  /usr/bin/node /home/ctrichereau/.yarn/bin/yarn.js

PATH: 
  /home/ctrichereau/.yarn/bin:/home/ctrichereau/.config/yarn/global/node_modules/.bin:/usr/local/sbin:/usr/local/bin:/usr/sbin:/usr/bin:/sbin:/bin:/usr/games:/usr/local/games:/usr/lib/wsl/lib:/mnt/c/WINDOWS/system32:/mnt/c/WINDOWS:/mnt/c/WINDOWS/System32/Wbem:/mnt/c/WINDOWS/System32/WindowsPowerShell/v1.0/:/mnt/c/WINDOWS/System32/OpenSSH/:/mnt/c/Program Files/nodejs/:/mnt/c/Program Files/Git/cmd:/mnt/c/Program Files (x86)/Yarn/bin/:/mnt/c/Program Files/dotnet/:/mnt/c/Users/ctrichereau/AppData/Local/Microsoft/WindowsApps:/mnt/c/Users/ctrichereau/AppData/Roaming/npm:/mnt/c/Users/ctrichereau/AppData/Local/Programs/Microsoft VS Code/bin:/mnt/c/Users/ctrichereau/AppData/Local/Yarn/bin:/mnt/c/Program Files (x86)/BrowserStackLocal/:/snap/bin

Yarn version: 
  1.22.19

Node version: 
  18.10.0

Platform: 
  linux x64

Trace: 
  SyntaxError: /home/ctrichereau/workspace/sandbox-photo-album-gallery-with-animation/package.json: Unexpected end of JSON input
      at JSON.parse (<anonymous>)
      at /home/ctrichereau/.yarn/lib/cli.js:1629:59
      at Generator.next (<anonymous>)
      at step (/home/ctrichereau/.yarn/lib/cli.js:310:30)
      at /home/ctrichereau/.yarn/lib/cli.js:321:13

npm manifest: 
  

yarn manifest: 
  No manifest

Lockfile: 
  No lockfile
